  model_with_lights.cpp
C:\work\vs projects\learn-opengl\glfw opengl\model.hpp(151,1): warning C4305: 'argument': truncation from 'double' to 'T'
          with
          [
              T=float
          ]
C:\work\vs projects\learn-opengl\glfw opengl\model.hpp(352,43): warning C4018: '<': signed/unsigned mismatch
C:\work\vs projects\learn-opengl\glfw opengl\model_with_lights.cpp(267,72): warning C4244: 'argument': conversion from 'float' to 'GLsizei', possible loss of data
C:\work\vs projects\learn-opengl\glfw opengl\model_with_lights.cpp(267,55): warning C4244: 'argument': conversion from 'float' to 'GLsizei', possible loss of data
C:\work\vs projects\learn-opengl\glfw opengl\model_with_lights.cpp(276,91): warning C4244: 'argument': conversion from 'float' to 'GLsizei', possible loss of data
C:\work\vs projects\learn-opengl\glfw opengl\model_with_lights.cpp(276,74): warning C4244: 'argument': conversion from 'float' to 'GLsizei', possible loss of data
C:\work\vs projects\learn-opengl\glfw opengl\model_with_lights.cpp(300,38): warning C4305: 'argument': truncation from 'double' to 'T'
          with
          [
              T=float
          ]
C:\work\vs projects\learn-opengl\glfw opengl\model_with_lights.cpp(365,49): warning C4244: 'argument': conversion from 'double' to 'float', possible loss of data
C:\work\vs projects\learn-opengl\glfw opengl\model_with_lights.cpp(372,49): warning C4244: 'argument': conversion from 'double' to 'float', possible loss of data
C:\work\vs projects\learn-opengl\glfw opengl\model_with_lights.cpp(381,53): warning C4244: 'argument': conversion from 'float' to 'GLsizei', possible loss of data
C:\work\vs projects\learn-opengl\glfw opengl\model_with_lights.cpp(381,36): warning C4244: 'argument': conversion from 'float' to 'GLsizei', possible loss of data
C:\work\vs projects\learn-opengl\glfw opengl\model_with_lights.cpp(387,49): warning C4244: 'argument': conversion from 'double' to 'float', possible loss of data
C:\work\vs projects\learn-opengl\glfw opengl\model_with_lights.cpp(425,49): warning C4244: 'argument': conversion from 'double' to 'float', possible loss of data
C:\work\vs projects\learn-opengl\glfw opengl\model_with_lights.cpp(430,49): warning C4244: 'argument': conversion from 'double' to 'float', possible loss of data
C:\work\vs projects\learn-opengl\glfw opengl\model_with_lights.cpp(646,71): warning C4244: 'argument': conversion from 'double' to 'int', possible loss of data
C:\work\vs projects\learn-opengl\glfw opengl\model_with_lights.cpp(646,49): warning C4244: 'argument': conversion from 'double' to 'int', possible loss of data
     Creating library C:\work\vs projects\learn-opengl\x64\Release\glfw opengl.lib and object C:\work\vs projects\learn-opengl\x64\Release\glfw opengl.exp
LINK : warning LNK4098: defaultlib 'MSVCRTD' conflicts with use of other libs; use /NODEFAULTLIB:library
  Generating code
  2 of 1110 functions ( 0.2%) were compiled, the rest were copied from previous compilation.
    0 functions were new in current compilation
    15 functions had inline decision re-evaluated but remain unchanged
  Finished generating code
glfw3.lib(context.obj) : warning LNK4099: PDB 'glfw3.pdb' was not found with 'glfw3.lib(context.obj)' or at 'C:\work\vs projects\learn-opengl\x64\Release\glfw3.pdb'; linking object as if no debug info
glfw3.lib(init.obj) : warning LNK4099: PDB 'glfw3.pdb' was not found with 'glfw3.lib(init.obj)' or at 'C:\work\vs projects\learn-opengl\x64\Release\glfw3.pdb'; linking object as if no debug info
glfw3.lib(input.obj) : warning LNK4099: PDB 'glfw3.pdb' was not found with 'glfw3.lib(input.obj)' or at 'C:\work\vs projects\learn-opengl\x64\Release\glfw3.pdb'; linking object as if no debug info
glfw3.lib(monitor.obj) : warning LNK4099: PDB 'glfw3.pdb' was not found with 'glfw3.lib(monitor.obj)' or at 'C:\work\vs projects\learn-opengl\x64\Release\glfw3.pdb'; linking object as if no debug info
glfw3.lib(vulkan.obj) : warning LNK4099: PDB 'glfw3.pdb' was not found with 'glfw3.lib(vulkan.obj)' or at 'C:\work\vs projects\learn-opengl\x64\Release\glfw3.pdb'; linking object as if no debug info
glfw3.lib(window.obj) : warning LNK4099: PDB 'glfw3.pdb' was not found with 'glfw3.lib(window.obj)' or at 'C:\work\vs projects\learn-opengl\x64\Release\glfw3.pdb'; linking object as if no debug info
glfw3.lib(win32_init.obj) : warning LNK4099: PDB 'glfw3.pdb' was not found with 'glfw3.lib(win32_init.obj)' or at 'C:\work\vs projects\learn-opengl\x64\Release\glfw3.pdb'; linking object as if no debug info
glfw3.lib(win32_joystick.obj) : warning LNK4099: PDB 'glfw3.pdb' was not found with 'glfw3.lib(win32_joystick.obj)' or at 'C:\work\vs projects\learn-opengl\x64\Release\glfw3.pdb'; linking object as if no debug info
glfw3.lib(win32_monitor.obj) : warning LNK4099: PDB 'glfw3.pdb' was not found with 'glfw3.lib(win32_monitor.obj)' or at 'C:\work\vs projects\learn-opengl\x64\Release\glfw3.pdb'; linking object as if no debug info
glfw3.lib(win32_time.obj) : warning LNK4099: PDB 'glfw3.pdb' was not found with 'glfw3.lib(win32_time.obj)' or at 'C:\work\vs projects\learn-opengl\x64\Release\glfw3.pdb'; linking object as if no debug info
glfw3.lib(win32_thread.obj) : warning LNK4099: PDB 'glfw3.pdb' was not found with 'glfw3.lib(win32_thread.obj)' or at 'C:\work\vs projects\learn-opengl\x64\Release\glfw3.pdb'; linking object as if no debug info
glfw3.lib(win32_window.obj) : warning LNK4099: PDB 'glfw3.pdb' was not found with 'glfw3.lib(win32_window.obj)' or at 'C:\work\vs projects\learn-opengl\x64\Release\glfw3.pdb'; linking object as if no debug info
glfw3.lib(wgl_context.obj) : warning LNK4099: PDB 'glfw3.pdb' was not found with 'glfw3.lib(wgl_context.obj)' or at 'C:\work\vs projects\learn-opengl\x64\Release\glfw3.pdb'; linking object as if no debug info
glfw3.lib(egl_context.obj) : warning LNK4099: PDB '' was not found with 'glfw3.lib(egl_context.obj)' or at ''; linking object as if no debug info
glfw3.lib(osmesa_context.obj) : warning LNK4099: PDB 'glfw3.pdb' was not found with 'glfw3.lib(osmesa_context.obj)' or at 'C:\work\vs projects\learn-opengl\x64\Release\glfw3.pdb'; linking object as if no debug info
  glfw opengl.vcxproj -> C:\work\vs projects\learn-opengl\x64\Release\glfw opengl.exe
