  lab3.cpp
C:\Users\Strut\source\repos\glfw opengl\glfw opengl\lab3.cpp(159,28): warning C4101: 'EBO': unreferenced local variable
lab3.obj : error LNK2019: unresolved external symbol gladLoadGLLoader referenced in function main
lab3.obj : error LNK2001: unresolved external symbol glad_glLineWidth
lab3.obj : error LNK2001: unresolved external symbol glad_glTexParameteri
lab3.obj : error LNK2001: unresolved external symbol glad_glTexImage2D
lab3.obj : error LNK2001: unresolved external symbol glad_glClear
lab3.obj : error LNK2001: unresolved external symbol glad_glClearColor
lab3.obj : error LNK2001: unresolved external symbol glad_glViewport
lab3.obj : error LNK2001: unresolved external symbol glad_glDrawArrays
lab3.obj : error LNK2001: unresolved external symbol glad_glBindTexture
lab3.obj : error LNK2001: unresolved external symbol glad_glDeleteTextures
lab3.obj : error LNK2001: unresolved external symbol glad_glGenTextures
lab3.obj : error LNK2001: unresolved external symbol glad_glBindBuffer
lab3.obj : error LNK2001: unresolved external symbol glad_glDeleteBuffers
lab3.obj : error LNK2001: unresolved external symbol glad_glGenBuffers
lab3.obj : error LNK2001: unresolved external symbol glad_glBufferData
lab3.obj : error LNK2001: unresolved external symbol glad_glAttachShader
lab3.obj : error LNK2001: unresolved external symbol glad_glCompileShader
lab3.obj : error LNK2001: unresolved external symbol glad_glCreateProgram
lab3.obj : error LNK2001: unresolved external symbol glad_glCreateShader
lab3.obj : error LNK2001: unresolved external symbol glad_glDeleteShader
lab3.obj : error LNK2001: unresolved external symbol glad_glEnableVertexAttribArray
lab3.obj : error LNK2001: unresolved external symbol glad_glGetProgramiv
lab3.obj : error LNK2001: unresolved external symbol glad_glGetProgramInfoLog
lab3.obj : error LNK2001: unresolved external symbol glad_glGetShaderiv
lab3.obj : error LNK2001: unresolved external symbol glad_glGetShaderInfoLog
lab3.obj : error LNK2001: unresolved external symbol glad_glGetUniformLocation
lab3.obj : error LNK2001: unresolved external symbol glad_glLinkProgram
lab3.obj : error LNK2001: unresolved external symbol glad_glShaderSource
lab3.obj : error LNK2001: unresolved external symbol glad_glUseProgram
lab3.obj : error LNK2001: unresolved external symbol glad_glUniformMatrix4fv
lab3.obj : error LNK2001: unresolved external symbol glad_glVertexAttribPointer
lab3.obj : error LNK2001: unresolved external symbol glad_glGenerateMipmap
lab3.obj : error LNK2001: unresolved external symbol glad_glBindVertexArray
lab3.obj : error LNK2001: unresolved external symbol glad_glDeleteVertexArrays
lab3.obj : error LNK2001: unresolved external symbol glad_glGenVertexArrays
C:\Users\Strut\source\repos\glfw opengl\x64\Debug\glfw opengl.exe : fatal error LNK1120: 35 unresolved externals
